This is pdfTeX, Version 3.141592653-2.6-1.40.22 (TeX Live 2021/VoidLinux) (preloaded format=pdflatex 2022.3.7)  16 APR 2022 22:03
entering extended mode
 restricted \write18 enabled.
 %&-line parsing enabled.
**\nonstopmode \input{report.tex}
(./report.tex (/usr/share/texmf-dist/tex/latex/base/article.cls
Document Class: article 2020/04/10 v1.4m Standard LaTeX document class
(/usr/share/texmf-dist/tex/latex/base/size10.clo
File: size10.clo 2020/04/10 v1.4m Standard LaTeX file (size option)
)
\c@part=\count179
\c@section=\count180
\c@subsection=\count181
\c@subsubsection=\count182
\c@paragraph=\count183
\c@subparagraph=\count184
\c@figure=\count185
\c@table=\count186
\abovecaptionskip=\skip47
\belowcaptionskip=\skip48
\bibindent=\dimen138
)
(/usr/share/texmf-dist/tex/latex/parskip/parskip.sty
Package: parskip 2021-03-14 v2.0h non-zero parskip adjustments

(/usr/share/texmf-dist/tex/latex/kvoptions/kvoptions.sty
Package: kvoptions 2020-10-07 v3.14 Key value format for package options (HO)

(/usr/share/texmf-dist/tex/latex/graphics/keyval.sty
Package: keyval 2014/10/28 v1.15 key=value parser (DPC)
\KV@toks@=\toks15
)
(/usr/share/texmf-dist/tex/generic/ltxcmds/ltxcmds.sty
Package: ltxcmds 2020-05-10 v1.25 LaTeX kernel commands for general use (HO)
)
(/usr/share/texmf-dist/tex/generic/kvsetkeys/kvsetkeys.sty
Package: kvsetkeys 2019/12/15 v1.18 Key value parser (HO)
))
(/usr/share/texmf-dist/tex/latex/etoolbox/etoolbox.sty
Package: etoolbox 2020/10/05 v2.5k e-TeX tools for LaTeX (JAW)
\etb@tempcnta=\count187
))
(/usr/share/texmf-dist/tex/latex/graphics/graphicx.sty
Package: graphicx 2020/09/09 v1.2b Enhanced LaTeX Graphics (DPC,SPQR)

(/usr/share/texmf-dist/tex/latex/graphics/graphics.sty
Package: graphics 2020/08/30 v1.4c Standard LaTeX Graphics (DPC,SPQR)

(/usr/share/texmf-dist/tex/latex/graphics/trig.sty
Package: trig 2016/01/03 v1.10 sin cos tan (DPC)
)
(/usr/share/texmf-dist/tex/latex/graphics-cfg/graphics.cfg
File: graphics.cfg 2016/06/04 v1.11 sample graphics configuration
)
Package graphics Info: Driver file: pdftex.def on input line 105.

(/usr/share/texmf-dist/tex/latex/graphics-def/pdftex.def
File: pdftex.def 2020/10/05 v1.2a Graphics/color driver for pdftex
))
\Gin@req@height=\dimen139
\Gin@req@width=\dimen140
)
(/usr/share/texmf-dist/tex/latex/geometry/geometry.sty
Package: geometry 2020/01/02 v5.9 Page Geometry

(/usr/share/texmf-dist/tex/generic/iftex/ifvtex.sty
Package: ifvtex 2019/10/25 v1.7 ifvtex legacy package. Use iftex instead.

(/usr/share/texmf-dist/tex/generic/iftex/iftex.sty
Package: iftex 2020/03/06 v1.0d TeX engine tests
))
\Gm@cnth=\count188
\Gm@cntv=\count189
\c@Gm@tempcnt=\count190
\Gm@bindingoffset=\dimen141
\Gm@wd@mp=\dimen142
\Gm@odd@mp=\dimen143
\Gm@even@mp=\dimen144
\Gm@layoutwidth=\dimen145
\Gm@layoutheight=\dimen146
\Gm@layouthoffset=\dimen147
\Gm@layoutvoffset=\dimen148
\Gm@dimlist=\toks16
)
(/usr/share/texmf-dist/tex/latex/l3backend/l3backend-pdftex.def
File: l3backend-pdftex.def 2021-03-18 L3 backend support: PDF output (pdfTeX)
\l__color_backend_stack_int=\count191
\l__pdf_internal_box=\box47
) (./report.aux)
\openout1 = `report.aux'.

LaTeX Font Info:    Checking defaults for OML/cmm/m/it on input line 10.
LaTeX Font Info:    ... okay on input line 10.
LaTeX Font Info:    Checking defaults for OMS/cmsy/m/n on input line 10.
LaTeX Font Info:    ... okay on input line 10.
LaTeX Font Info:    Checking defaults for OT1/cmr/m/n on input line 10.
LaTeX Font Info:    ... okay on input line 10.
LaTeX Font Info:    Checking defaults for T1/cmr/m/n on input line 10.
LaTeX Font Info:    ... okay on input line 10.
LaTeX Font Info:    Checking defaults for TS1/cmr/m/n on input line 10.
LaTeX Font Info:    ... okay on input line 10.
LaTeX Font Info:    Checking defaults for OMX/cmex/m/n on input line 10.
LaTeX Font Info:    ... okay on input line 10.
LaTeX Font Info:    Checking defaults for U/cmr/m/n on input line 10.
LaTeX Font Info:    ... okay on input line 10.
(/usr/share/texmf-dist/tex/context/base/mkii/supp-pdf.mkii
[Loading MPS to PDF converter (version 2006.09.02).]
\scratchcounter=\count192
\scratchdimen=\dimen149
\scratchbox=\box48
\nofMPsegments=\count193
\nofMParguments=\count194
\everyMPshowfont=\toks17
\MPscratchCnt=\count195
\MPscratchDim=\dimen150
\MPnumerator=\count196
\makeMPintoPDFobject=\count197
\everyMPtoPDFconversion=\toks18
) (/usr/share/texmf-dist/tex/latex/epstopdf-pkg/epstopdf-base.sty
Package: epstopdf-base 2020-01-24 v2.11 Base part for package epstopdf
Package epstopdf-base Info: Redefining graphics rule for `.eps' on input line 4
85.

(/usr/share/texmf-dist/tex/latex/latexconfig/epstopdf-sys.cfg
File: epstopdf-sys.cfg 2010/07/13 v1.3 Configuration of (r)epstopdf for TeX Liv
e
))
*geometry* driver: auto-detecting
*geometry* detected driver: pdftex
*geometry* verbose mode - [ preamble ] result:
* driver: pdftex
* paper: <default>
* layout: <same size as paper>
* layoutoffset:(h,v)=(0.0pt,0.0pt)
* modes: 
* h-part:(L,W,R)=(36.135pt, 542.02501pt, 36.135pt)
* v-part:(T,H,B)=(36.135pt, 722.7pt, 36.135pt)
* \paperwidth=614.295pt
* \paperheight=794.96999pt
* \textwidth=542.02501pt
* \textheight=722.7pt
* \oddsidemargin=-36.135pt
* \evensidemargin=-36.135pt
* \topmargin=-73.135pt
* \headheight=12.0pt
* \headsep=25.0pt
* \topskip=10.0pt
* \footskip=30.0pt
* \marginparwidth=65.0pt
* \marginparsep=11.0pt
* \columnsep=10.0pt
* \skip\footins=9.0pt plus 4.0pt minus 2.0pt
* \hoffset=0.0pt
* \voffset=0.0pt
* \mag=1000
* \@twocolumnfalse
* \@twosidefalse
* \@mparswitchfalse
* \@reversemarginfalse
* (1in=72.27pt=25.4mm, 1cm=28.453pt)

LaTeX Font Info:    External font `cmex10' loaded for size
(Font)              <12> on input line 11.
LaTeX Font Info:    External font `cmex10' loaded for size
(Font)              <8> on input line 11.
LaTeX Font Info:    External font `cmex10' loaded for size
(Font)              <6> on input line 11.
<gen.png, id=1, 4111.36pt x 2168.1pt>
File: gen.png Graphic file (type png)
<use gen.png>
Package pdftex.def Info: gen.png  used on input line 16.
(pdftex.def)             Requested size: 284.52756pt x 150.02913pt.
<croppedgen.png, id=2, 541.02126pt x 307.1475pt>
File: croppedgen.png Graphic file (type png)
<use croppedgen.png>
Package pdftex.def Info: croppedgen.png  used on input line 22.
(pdftex.def)             Requested size: 284.52756pt x 161.53604pt.
LaTeX Font Info:    External font `cmex10' loaded for size
(Font)              <7> on input line 27.
LaTeX Font Info:    External font `cmex10' loaded for size
(Font)              <5> on input line 27.
<2022-04-16-212252_1443x898_scrot.png, id=4, 1448.41125pt x 901.3675pt>
File: 2022-04-16-212252_1443x898_scrot.png Graphic file (type png)
<use 2022-04-16-212252_1443x898_scrot.png>
Package pdftex.def Info: 2022-04-16-212252_1443x898_scrot.png  used on input li
ne 52.
(pdftex.def)             Requested size: 284.52756pt x 177.06567pt.
<2022-04-16-212305_1441x898_scrot.png, id=5, 1446.40375pt x 901.3675pt>
File: 2022-04-16-212305_1441x898_scrot.png Graphic file (type png)
<use 2022-04-16-212305_1441x898_scrot.png>
Package pdftex.def Info: 2022-04-16-212305_1441x898_scrot.png  used on input li
ne 58.
(pdftex.def)             Requested size: 284.52756pt x 177.31325pt.
<2022-04-16-212318_1441x899_scrot.png, id=6, 1446.40375pt x 902.37125pt>
File: 2022-04-16-212318_1441x899_scrot.png Graphic file (type png)
<use 2022-04-16-212318_1441x899_scrot.png>
Package pdftex.def Info: 2022-04-16-212318_1441x899_scrot.png  used on input li
ne 64.
(pdftex.def)             Requested size: 284.52756pt x 177.5107pt.
<2022-04-16-212857_900x507_scrot.png, id=7, 903.375pt x 508.90125pt>
File: 2022-04-16-212857_900x507_scrot.png Graphic file (type png)
<use 2022-04-16-212857_900x507_scrot.png>
Package pdftex.def Info: 2022-04-16-212857_900x507_scrot.png  used on input lin
e 70.
(pdftex.def)             Requested size: 284.52756pt x 160.28145pt.
[1

{/usr/share/texmf-var/fonts/map/pdftex/updmap/pdftex.map} <./gen.png (PNG copy)
>] [2 <./croppedgen.png> <./2022-04-16-212252_1443x898_scrot.png> <./2022-04-16
-212305_1441x898_scrot.png>] [3 <./2022-04-16-212318_1441x899_scrot.png> <./202
2-04-16-212857_900x507_scrot.png>]
<2022-04-16-212350_1440x899_scrot.png, id=28, 1445.4pt x 902.37125pt>
File: 2022-04-16-212350_1440x899_scrot.png Graphic file (type png)
<use 2022-04-16-212350_1440x899_scrot.png>
Package pdftex.def Info: 2022-04-16-212350_1440x899_scrot.png  used on input li
ne 85.
(pdftex.def)             Requested size: 284.52756pt x 177.63463pt.
<2022-04-16-212359_1439x899_scrot.png, id=29, 1444.39626pt x 902.37125pt>
File: 2022-04-16-212359_1439x899_scrot.png Graphic file (type png)
<use 2022-04-16-212359_1439x899_scrot.png>
Package pdftex.def Info: 2022-04-16-212359_1439x899_scrot.png  used on input li
ne 91.
(pdftex.def)             Requested size: 284.52756pt x 177.74478pt.
<2022-04-16-212411_1438x899_scrot.png, id=30, 1443.3925pt x 902.37125pt>
File: 2022-04-16-212411_1438x899_scrot.png Graphic file (type png)
<use 2022-04-16-212411_1438x899_scrot.png>
Package pdftex.def Info: 2022-04-16-212411_1438x899_scrot.png  used on input li
ne 97.
(pdftex.def)             Requested size: 284.52756pt x 177.8687pt.
 [4 <./2022-04-16-212350_1440x899_scrot.png> <./2022-04-16-212359_1439x899_scro
t.png>] [5 <./2022-04-16-212411_1438x899_scrot.png>] (./report.aux) ) 
Here is how much of TeX's memory you used:
 2446 strings out of 478994
 36495 string characters out of 5864720
 340034 words of memory out of 5000000
 19930 multiletter control sequences out of 15000+600000
 407070 words of font info for 39 fonts, out of 8000000 for 9000
 1141 hyphenation exceptions out of 8191
 72i,6n,77p,541b,223s stack positions out of 5000i,500n,10000p,200000b,80000s
</usr/shar
e/texmf-dist/fonts/type1/public/amsfonts/cm/cmbx12.pfb></usr/share/texmf-dist/f
onts/type1/public/amsfonts/cm/cmmi10.pfb></usr/share/texmf-dist/fonts/type1/pub
lic/amsfonts/cm/cmmi7.pfb></usr/share/texmf-dist/fonts/type1/public/amsfonts/cm
/cmr10.pfb></usr/share/texmf-dist/fonts/type1/public/amsfonts/cm/cmr12.pfb></us
r/share/texmf-dist/fonts/type1/public/amsfonts/cm/cmr17.pfb></usr/share/texmf-d
ist/fonts/type1/public/amsfonts/cm/cmr7.pfb></usr/share/texmf-dist/fonts/type1/
public/amsfonts/cm/cmsy10.pfb>
Output written on report.pdf (5 pages, 393979 bytes).
PDF statistics:
 63 PDF objects out of 1000 (max. 8388607)
 37 compressed objects within 1 object stream
 0 named destinations out of 1000 (max. 500000)
 46 words of extra memory for PDF output out of 10000 (max. 10000000)

